<?xml version="1.0" encoding="UTF-8"?>
<testng-results ignored="2" total="3" passed="1" failed="0" skipped="0">
  <reporter-output>
  </reporter-output>
  <suite started-at="2022-03-06T20:41:07 CST" name="Default suite" finished-at="2022-03-06T20:41:10 CST" duration-ms="3008">
    <groups>
    </groups>
    <test started-at="2022-03-06T20:41:07 CST" name="Default test" finished-at="2022-03-06T20:41:10 CST" duration-ms="3008">
      <class name="apiTests.PetStoreAPI_Tests">
        <test-method is-config="true" signature="beforeMethod()[pri:0, instance:apiTests.PetStoreAPI_Tests@636be97c]" started-at="2022-03-06T20:41:07 CST" name="beforeMethod" finished-at="2022-03-06T20:41:07 CST" duration-ms="12" status="PASS">
          <reporter-output>
          </reporter-output>
        </test-method> <!-- beforeMethod -->
        <test-method signature="createAPet()[pri:0, instance:apiTests.PetStoreAPI_Tests@636be97c]" started-at="2022-03-06T20:41:07 CST" name="createAPet" finished-at="2022-03-06T20:41:10 CST" duration-ms="2957" status="PASS">
          <reporter-output>
          </reporter-output>
        </test-method> <!-- createAPet -->
      </class> <!-- apiTests.PetStoreAPI_Tests -->
    </test> <!-- Default test -->
  </suite> <!-- Default suite -->
</testng-results>
