<?xml version="1.0" encoding="UTF-8"?>
<testng-results ignored="1" total="2" passed="1" failed="0" skipped="0">
  <reporter-output>
  </reporter-output>
  <suite started-at="2022-03-25T20:59:58 CDT" name="Default suite" finished-at="2022-03-25T21:00:02 CDT" duration-ms="3405">
    <groups>
    </groups>
    <test started-at="2022-03-25T20:59:58 CDT" name="Default test" finished-at="2022-03-25T21:00:02 CDT" duration-ms="3405">
      <class name="apiTests.Test_API">
        <test-method signature="getRequest()[pri:0, instance:apiTests.Test_API@63355449]" started-at="2022-03-25T20:59:58 CDT" name="getRequest" finished-at="2022-03-25T21:00:02 CDT" duration-ms="3342" status="PASS">
          <reporter-output>
          </reporter-output>
        </test-method> <!-- getRequest -->
      </class> <!-- apiTests.Test_API -->
    </test> <!-- Default test -->
  </suite> <!-- Default suite -->
</testng-results>
